<?xml version="1.0" encoding="UTF-8"?>
<!-- Generated by org.testng.reporters.JUnitReportReporter -->
<testsuite skipped="0" hostname="M5-D-B69WGY2" name="testpack.seleniumtest" tests="1" failures="0" timestamp="2020-01-31T15:49:59 IST" time="14.981" errors="0">
  <testcase name="test" time="14.981" classname="testpack.seleniumtest"/>
</testsuite> <!-- testpack.seleniumtest -->
